Determining if the pthread_create exist failed with the following output:
Change Dir: /home/jetson/projects/d3/Autonomous_ROS_Racer/build/CMakeFiles/CMakeTmp

Run Build Command:"/usr/bin/make" "cmTC_b53ff/fast"
/usr/bin/make -f CMakeFiles/cmTC_b53ff.dir/build.make CMakeFiles/cmTC_b53ff.dir/build
make[1]: Entering directory '/home/jetson/projects/d3/Autonomous_ROS_Racer/build/CMakeFiles/CMakeTmp'
Building C object CMakeFiles/cmTC_b53ff.dir/CheckSymbolExists.c.o
/usr/bin/cc    -o CMakeFiles/cmTC_b53ff.dir/CheckSymbolExists.c.o   -c /home/jetson/projects/d3/Autonomous_ROS_Racer/build/CMakeFiles/CMakeTmp/CheckSymbolExists.c
Linking C executable cmTC_b53ff
/usr/bin/cmake -E cmake_link_script CMakeFiles/cmTC_b53ff.dir/link.txt --verbose=1
/usr/bin/cc      -rdynamic CMakeFiles/cmTC_b53ff.dir/CheckSymbolExists.c.o  -o cmTC_b53ff 
CMakeFiles/cmTC_b53ff.dir/CheckSymbolExists.c.o: In function `main':
CheckSymbolExists.c:(.text+0x14): undefined reference to `pthread_create'
CheckSymbolExists.c:(.text+0x18): undefined reference to `pthread_create'
collect2: error: ld returned 1 exit status
CMakeFiles/cmTC_b53ff.dir/build.make:97: recipe for target 'cmTC_b53ff' failed
make[1]: *** [cmTC_b53ff] Error 1
make[1]: Leaving directory '/home/jetson/projects/d3/Autonomous_ROS_Racer/build/CMakeFiles/CMakeTmp'
Makefile:126: recipe for target 'cmTC_b53ff/fast' failed
make: *** [cmTC_b53ff/fast] Error 2

File /home/jetson/projects/d3/Autonomous_ROS_Racer/build/CMakeFiles/CMakeTmp/CheckSymbolExists.c:
/* */
#include <pthread.h>

int main(int argc, char** argv)
{
  (void)argv;
#ifndef pthread_create
  return ((int*)(&pthread_create))[argc];
#else
  (void)argc;
  return 0;
#endif
}

Determining if the function pthread_create exists in the pthreads failed with the following output:
Change Dir: /home/jetson/projects/d3/Autonomous_ROS_Racer/build/CMakeFiles/CMakeTmp

Run Build Command:"/usr/bin/make" "cmTC_88d68/fast"
/usr/bin/make -f CMakeFiles/cmTC_88d68.dir/build.make CMakeFiles/cmTC_88d68.dir/build
make[1]: Entering directory '/home/jetson/projects/d3/Autonomous_ROS_Racer/build/CMakeFiles/CMakeTmp'
Building C object CMakeFiles/cmTC_88d68.dir/CheckFunctionExists.c.o
/usr/bin/cc   -DCHECK_FUNCTION_EXISTS=pthread_create   -o CMakeFiles/cmTC_88d68.dir/CheckFunctionExists.c.o   -c /usr/share/cmake-3.10/Modules/CheckFunctionExists.c
Linking C executable cmTC_88d68
/usr/bin/cmake -E cmake_link_script CMakeFiles/cmTC_88d68.dir/link.txt --verbose=1
/usr/bin/cc  -DCHECK_FUNCTION_EXISTS=pthread_create    -rdynamic CMakeFiles/cmTC_88d68.dir/CheckFunctionExists.c.o  -o cmTC_88d68 -lpthreads 
/usr/bin/ld: cannot find -lpthreads
collect2: error: ld returned 1 exit status
CMakeFiles/cmTC_88d68.dir/build.make:97: recipe for target 'cmTC_88d68' failed
make[1]: *** [cmTC_88d68] Error 1
make[1]: Leaving directory '/home/jetson/projects/d3/Autonomous_ROS_Racer/build/CMakeFiles/CMakeTmp'
Makefile:126: recipe for target 'cmTC_88d68/fast' failed
make: *** [cmTC_88d68/fast] Error 2


